[debug] > Exec(early(addDefaultCommands), None, None)
[debug] > Exec(addDefaultCommands, None, None)
[debug] > Exec(early(initialize), None, None)
[debug] > Exec(initialize, None, None)
[debug] > Exec(early(addPluginSbtFile="""C:\Users\ZACHMI~1\AppData\Local\Temp\idea4.sbt"""), None, None)
[debug] > Exec(addPluginSbtFile="""C:\Users\ZACHMI~1\AppData\Local\Temp\idea4.sbt""", None, None)
[debug] > Exec(boot, None, None)
[debug] > Exec(writeSbtVersion, None, None)
[debug] > Exec(reload, None, None)
[debug] > Exec(sbtStashOnFailure, None, None)
[debug] > Exec(onFailure loadFailed, None, None)
[debug] > Exec(loadp, None, None)
[info] welcome to sbt 1.4.0 (AdoptOpenJDK Java 1.8.0_265)
[debug]       Load.loadUnit: plugins took 97.083101ms
[debug]       Load.loadUnit: defsScala took 0.3716ms
[debug] [Loading] Scanning directory C:\Users\Zach Minnich\.sbt\1.0\plugins
[debug] [Loading] Found non-root projects 
[debug] [Loading] Done in C:\Users\Zach Minnich\.sbt\1.0\plugins, returning: ()
[debug] deducing auto plugins based on known facts Set(Atom(sbt.plugins.CorePlugin)) and clauses Clauses(List(Clause(Atom(sbt.plugins.JvmPlugin),Set(Atom(sbt.plugins.IvyPlugin))), Clause(Atom(sbt.ScriptedPlugin),Set(Atom(sbt.plugins.JvmPlugin))), Clause(Atom(sbt.plugins.SbtPlugin),Set(Atom(sbt.ScriptedPlugin))), Clause(Atom(sbt.plugins.SemanticdbPlugin),Set(Atom(sbt.plugins.JvmPlugin))), Clause(Atom(sbt.plugins.JUnitXmlReportPlugin),Set(Atom(sbt.plugins.JvmPlugin))), Clause(Atom(sbt.plugins.MiniDependencyTreePlugin),Set(Atom(sbt.plugins.JvmPlugin))), Clause(Atom(sbt.plugins.CorePlugin),Set(Atom(sbt.plugins.IvyPlugin))), Clause(Atom(sbt.plugins.IvyPlugin),Set(Atom(sbt.plugins.JvmPlugin))), Clause(Atom(sbt.plugins.JvmPlugin),Set(Atom(sbt.plugins.SemanticdbPlugin))), Clause(Atom(sbt.plugins.JvmPlugin),Set(Atom(sbt.plugins.JUnitXmlReportPlugin))), Clause(Atom(sbt.plugins.CorePlugin),Set(Atom(sbt.plugins.Giter8TemplatePlugin))), Clause(Atom(sbt.plugins.JvmPlugin),Set(Atom(sbt.plugins.MiniDependencyTreePlugin)))))
[debug]   :: deduced result: Matched(sbt.plugins.CorePlugin,sbt.plugins.Giter8TemplatePlugin,sbt.plugins.IvyPlugin,sbt.plugins.JvmPlugin,sbt.plugins.MiniDependencyTreePlugin,sbt.plugins.JUnitXmlReportPlugin,sbt.plugins.SemanticdbPlugin)
[debug] Plugins.deducer#function took 16.582 ms
[debug]           Load.resolveProject(global-plugins) took 37.2532ms
[debug]         Load.loadTransitive: finalizeProject(Project(id global-plugins, base: C:\Users\Zach Minnich\.sbt\1.0\plugins, plugins: List(<none>))) took 155.9748ms
[debug] [Loading] Done in C:\Users\Zach Minnich\.sbt\1.0\plugins, returning: (global-plugins)
[debug]       Load.loadUnit: loadedProjectsRaw took 177.7657ms
[debug]       Load.loadUnit: cleanEvalClasses took 0.2129ms
[debug]     Load.loadUnit(file:/C:/Users/Zach%20Minnich/.sbt/1.0/plugins/, ...) took 282.511199ms
[debug]   Load.apply: load took 438.906101ms
[debug]   Load.apply: resolveProjects took 7.2302ms
[debug]   Load.apply: finalTransforms took 63.0399ms
[debug]   Load.apply: config.delegates took 10.659699ms
[debug]   Load.apply: Def.make(settings)... took 1538.968599ms
[debug]   Load.apply: structureIndex took 83.948599ms
[debug]   Load.apply: mkStreams took 2.496601ms
[info] loading global plugins from C:\Users\Zach Minnich\.sbt\1.0\plugins
[debug] Running task... Cancel: Signal, check cycles: false, forcegc: true
[debug] Load.defaultLoad until apply took 3708.0883ms
[debug]           Load.loadUnit: plugins took 24.5633ms
[debug]           Load.loadUnit: defsScala took 0.0026ms
[debug] [Loading] Scanning directory C:\Users\Zach Minnich\IdeaProjects\Project0\project
[debug]             Load.loadUnit: mkEval took 7.3076ms
[debug] [Loading] Found non-root projects 
[debug] [Loading] Done in C:\Users\Zach Minnich\IdeaProjects\Project0\project, returning: ()
[debug] deducing auto plugins based on known facts Set(Atom(sbt.plugins.CorePlugin)) and clauses Clauses(List(Clause(Atom(sbt.plugins.JvmPlugin),Set(Atom(sbt.plugins.IvyPlugin))), Clause(Atom(sbt.ScriptedPlugin),Set(Atom(sbt.plugins.JvmPlugin))), Clause(Atom(sbt.plugins.SbtPlugin),Set(Atom(sbt.ScriptedPlugin))), Clause(Atom(sbt.plugins.SemanticdbPlugin),Set(Atom(sbt.plugins.JvmPlugin))), Clause(Atom(sbt.plugins.JUnitXmlReportPlugin),Set(Atom(sbt.plugins.JvmPlugin))), Clause(Atom(sbt.plugins.MiniDependencyTreePlugin),Set(Atom(sbt.plugins.JvmPlugin))), Clause(Atom(sbt.plugins.CorePlugin),Set(Atom(sbt.plugins.IvyPlugin))), Clause(Atom(sbt.plugins.IvyPlugin),Set(Atom(sbt.plugins.JvmPlugin))), Clause(Atom(sbt.plugins.JvmPlugin),Set(Atom(sbt.plugins.SemanticdbPlugin))), Clause(Atom(sbt.plugins.JvmPlugin),Set(Atom(sbt.plugins.JUnitXmlReportPlugin))), Clause(Atom(sbt.plugins.CorePlugin),Set(Atom(sbt.plugins.Giter8TemplatePlugin))), Clause(Atom(sbt.plugins.JvmPlugin),Set(Atom(sbt.plugins.MiniDependencyTreePlugin)))))
[debug]   :: deduced result: Matched(sbt.plugins.CorePlugin,sbt.plugins.Giter8TemplatePlugin,sbt.plugins.IvyPlugin,sbt.plugins.JvmPlugin,sbt.plugins.MiniDependencyTreePlugin,sbt.plugins.JUnitXmlReportPlugin,sbt.plugins.SemanticdbPlugin)
[debug] Plugins.deducer#function took 1.628799 ms
[info] loading settings for project project0-build from idea4.sbt ...
[debug]               Load.resolveProject(project0-build) took 2.279799ms
[debug]             Load.loadTransitive: finalizeProject(Project(id project0-build, base: C:\Users\Zach Minnich\IdeaProjects\Project0\project, plugins: List(<none>))) took 4.3461ms
[debug] [Loading] Done in C:\Users\Zach Minnich\IdeaProjects\Project0\project, returning: (project0-build)
[debug]           Load.loadUnit: loadedProjectsRaw took 116.1841ms
[debug]           Load.loadUnit: cleanEvalClasses took 9.147ms
[debug]         Load.loadUnit(file:/C:/Users/Zach%20Minnich/IdeaProjects/Project0/project/, ...) took 150.696201ms
[debug]       Load.apply: load took 151.8404ms
[debug]       Load.apply: resolveProjects took 0.0892ms
[debug]       Load.apply: finalTransforms took 8.666401ms
[debug]       Load.apply: config.delegates took 0.358301ms
[debug]       Load.apply: Def.make(settings)... took 53.6674ms
[debug]       Load.apply: structureIndex took 19.005999ms
[debug]       Load.apply: mkStreams took 0.0021ms
[info] loading project definition from C:\Users\Zach Minnich\IdeaProjects\Project0\project
[debug] Running task... Cancel: Signal, check cycles: false, forcegc: true
[debug]     Load.loadUnit: plugins took 469.394701ms
[debug]     Load.loadUnit: defsScala took 0.002501ms
[debug] [Loading] Scanning directory C:\Users\Zach Minnich\IdeaProjects\Project0
[debug]       Load.loadUnit: mkEval took 0.2112ms
[debug] [Loading] Found non-root projects 
[debug] [Loading] Done in C:\Users\Zach Minnich\IdeaProjects\Project0, returning: ()
[debug] deducing auto plugins based on known facts Set(Atom(sbt.plugins.CorePlugin)) and clauses Clauses(List(Clause(Atom(sbt.plugins.JvmPlugin),Set(Atom(sbt.plugins.IvyPlugin))), Clause(Atom(sbt.ScriptedPlugin),Set(Atom(sbt.plugins.JvmPlugin))), Clause(Atom(sbt.plugins.SbtPlugin),Set(Atom(sbt.ScriptedPlugin))), Clause(Atom(sbt.plugins.SemanticdbPlugin),Set(Atom(sbt.plugins.JvmPlugin))), Clause(Atom(sbt.plugins.JUnitXmlReportPlugin),Set(Atom(sbt.plugins.JvmPlugin))), Clause(Atom(sbt.plugins.MiniDependencyTreePlugin),Set(Atom(sbt.plugins.JvmPlugin))), Clause(Atom(org.jetbrains.sbt.StructurePlugin),Set(Atom(sbt.plugins.JvmPlugin))), Clause(Atom(org.jetbrains.sbt.IdeaShellPlugin),Set(Atom(sbt.plugins.JvmPlugin))), Clause(Atom(org.jetbrains.sbt.indices.SbtIntellijIndicesPlugin),Set(Atom(sbt.plugins.JvmPlugin))), Clause(Atom(sbt.plugins.CorePlugin),Set(Atom(sbt.plugins.IvyPlugin))), Clause(Atom(sbt.plugins.IvyPlugin),Set(Atom(sbt.plugins.JvmPlugin))), Clause(Atom(sbt.plugins.JvmPlugin),Set(Atom(sbt.plugins.SemanticdbPlugin))), Clause(Atom(sbt.plugins.JvmPlugin),Set(Atom(sbt.plugins.JUnitXmlReportPlugin))), Clause(Atom(sbt.plugins.CorePlugin),Set(Atom(sbt.plugins.Giter8TemplatePlugin))), Clause(Atom(sbt.plugins.JvmPlugin),Set(Atom(sbt.plugins.MiniDependencyTreePlugin))), Clause(Atom(sbt.plugins.JvmPlugin),Set(Atom(org.jetbrains.sbt.StructurePlugin))), Clause(Atom(sbt.plugins.JvmPlugin),Set(Atom(org.jetbrains.sbt.IdeaShellPlugin))), Clause(And(Set(Atom(sbt.plugins.CorePlugin), Atom(sbt.plugins.JvmPlugin))),Set(Atom(org.jetbrains.sbt.indices.SbtIntellijIndicesPlugin)))))
[debug]   :: deduced result: Matched(sbt.plugins.CorePlugin,sbt.plugins.Giter8TemplatePlugin,sbt.plugins.IvyPlugin,sbt.plugins.JvmPlugin,sbt.plugins.SemanticdbPlugin,org.jetbrains.sbt.indices.SbtIntellijIndicesPlugin,sbt.plugins.JUnitXmlReportPlugin,org.jetbrains.sbt.IdeaShellPlugin,org.jetbrains.sbt.StructurePlugin,sbt.plugins.MiniDependencyTreePlugin)
[debug] Plugins.deducer#function took 1.657501 ms
[info] loading settings for project project0 from build.sbt ...
[debug]         Load.resolveProject(project0) took 22.277001ms
[debug]       Load.loadTransitive: finalizeProject(Project(id project0, base: C:\Users\Zach Minnich\IdeaProjects\Project0, plugins: List(<none>))) took 24.844401ms
[debug] [Loading] Done in C:\Users\Zach Minnich\IdeaProjects\Project0, returning: (project0)
[debug]     Load.loadUnit: loadedProjectsRaw took 57.8665ms
[debug]     Load.loadUnit: cleanEvalClasses took 2.887599ms
[debug]   Load.loadUnit(file:/C:/Users/Zach%20Minnich/IdeaProjects/Project0/, ...) took 530.568899ms
[debug] Load.apply: load took 531.7314ms
[debug] Load.apply: resolveProjects took 0.078ms
[debug] Load.apply: finalTransforms took 17.2546ms
[debug] Load.apply: config.delegates took 0.2818ms
[debug] Load.apply: Def.make(settings)... took 59.279ms
[debug] Load.apply: structureIndex took 24.8117ms
[debug] Load.apply: mkStreams took 0.0029ms
[info] set current project to Project0 (in build file:/C:/Users/Zach%20Minnich/IdeaProjects/Project0/)
[debug] > Exec(sbtPopOnFailure, None, None)
[debug] > Exec(resumeFromFailure, None, None)
[debug] > Exec(notifyUsersAboutShell, None, None)
[debug] > Exec(iflast shell, None, None)
[debug] > Exec(; set ideaPort in Global := 63213 ; idea-shell, None, None)
[debug] > Exec(set ideaPort in Global := 63213, None, None)
[info] Defining Global / ideaPort
[info] The new value will be used by Compile / compile, Test / compile
[debug] Defining 
[debug] 	Global / ideaPort
[debug] 
[debug] The new value will be used by 
[debug] 	Compile / compile
[debug] 	Test / compile
[info] Reapplying settings...
[info] set current project to Project0 (in build file:/C:/Users/Zach%20Minnich/IdeaProjects/Project0/)
[debug] > Exec(idea-shell, None, None)
