[debug] > Exec(early(addDefaultCommands), None, None)
[debug] > Exec(addDefaultCommands, None, None)
[debug] > Exec(early(initialize), None, None)
[debug] > Exec(initialize, None, None)
[debug] > Exec(early(addPluginSbtFile="""C:\Users\ZACHMI~1\AppData\Local\Temp\idea11.sbt"""), None, None)
[debug] > Exec(addPluginSbtFile="""C:\Users\ZACHMI~1\AppData\Local\Temp\idea11.sbt""", None, None)
[debug] > Exec(boot, None, None)
[debug] > Exec(writeSbtVersion, None, None)
[debug] > Exec(reload, None, None)
[debug] > Exec(sbtStashOnFailure, None, None)
[debug] > Exec(onFailure loadFailed, None, None)
[debug] > Exec(loadp, None, None)
[info] welcome to sbt 1.4.0 (AdoptOpenJDK Java 1.8.0_265)
[debug]       Load.loadUnit: plugins took 75.576101ms
[debug]       Load.loadUnit: defsScala took 0.306199ms
[debug] [Loading] Scanning directory C:\Users\Zach Minnich\.sbt\1.0\plugins
[debug] [Loading] Found non-root projects 
[debug] [Loading] Done in C:\Users\Zach Minnich\.sbt\1.0\plugins, returning: ()
[debug] deducing auto plugins based on known facts Set(Atom(sbt.plugins.CorePlugin)) and clauses Clauses(List(Clause(Atom(sbt.plugins.JvmPlugin),Set(Atom(sbt.plugins.IvyPlugin))), Clause(Atom(sbt.ScriptedPlugin),Set(Atom(sbt.plugins.JvmPlugin))), Clause(Atom(sbt.plugins.SbtPlugin),Set(Atom(sbt.ScriptedPlugin))), Clause(Atom(sbt.plugins.SemanticdbPlugin),Set(Atom(sbt.plugins.JvmPlugin))), Clause(Atom(sbt.plugins.JUnitXmlReportPlugin),Set(Atom(sbt.plugins.JvmPlugin))), Clause(Atom(sbt.plugins.MiniDependencyTreePlugin),Set(Atom(sbt.plugins.JvmPlugin))), Clause(Atom(sbt.plugins.CorePlugin),Set(Atom(sbt.plugins.IvyPlugin))), Clause(Atom(sbt.plugins.IvyPlugin),Set(Atom(sbt.plugins.JvmPlugin))), Clause(Atom(sbt.plugins.JvmPlugin),Set(Atom(sbt.plugins.SemanticdbPlugin))), Clause(Atom(sbt.plugins.JvmPlugin),Set(Atom(sbt.plugins.JUnitXmlReportPlugin))), Clause(Atom(sbt.plugins.CorePlugin),Set(Atom(sbt.plugins.Giter8TemplatePlugin))), Clause(Atom(sbt.plugins.JvmPlugin),Set(Atom(sbt.plugins.MiniDependencyTreePlugin)))))
[debug]   :: deduced result: Matched(sbt.plugins.CorePlugin,sbt.plugins.Giter8TemplatePlugin,sbt.plugins.IvyPlugin,sbt.plugins.JvmPlugin,sbt.plugins.MiniDependencyTreePlugin,sbt.plugins.JUnitXmlReportPlugin,sbt.plugins.SemanticdbPlugin)
[debug] Plugins.deducer#function took 18.5783 ms
[debug]           Load.resolveProject(global-plugins) took 36.7903ms
[debug]         Load.loadTransitive: finalizeProject(Project(id global-plugins, base: C:\Users\Zach Minnich\.sbt\1.0\plugins, plugins: List(<none>))) took 182.7467ms
[debug] [Loading] Done in C:\Users\Zach Minnich\.sbt\1.0\plugins, returning: (global-plugins)
[debug]       Load.loadUnit: loadedProjectsRaw took 200.8143ms
[debug]       Load.loadUnit: cleanEvalClasses took 0.245101ms
[debug]     Load.loadUnit(file:/C:/Users/Zach%20Minnich/.sbt/1.0/plugins/, ...) took 283.3276ms
[debug]   Load.apply: load took 412.114ms
[debug]   Load.apply: resolveProjects took 5.086199ms
[debug]   Load.apply: finalTransforms took 41.57ms
[debug]   Load.apply: config.delegates took 5.825599ms
[debug]   Load.apply: Def.make(settings)... took 1312.8996ms
[debug]   Load.apply: structureIndex took 79.351ms
[debug]   Load.apply: mkStreams took 1.594001ms
[info] loading global plugins from C:\Users\Zach Minnich\.sbt\1.0\plugins
[debug] Running task... Cancel: Signal, check cycles: false, forcegc: true
[debug] Load.defaultLoad until apply took 3144.2557ms
[debug]           Load.loadUnit: plugins took 23.8986ms
[debug]           Load.loadUnit: defsScala took 0.0053ms
[debug] [Loading] Scanning directory C:\Users\Zach Minnich\IdeaProjects\Project0\project
[debug]             Load.loadUnit: mkEval took 7.009601ms
[debug] [Loading] Found non-root projects 
[debug] [Loading] Done in C:\Users\Zach Minnich\IdeaProjects\Project0\project, returning: ()
[debug] deducing auto plugins based on known facts Set(Atom(sbt.plugins.CorePlugin)) and clauses Clauses(List(Clause(Atom(sbt.plugins.JvmPlugin),Set(Atom(sbt.plugins.IvyPlugin))), Clause(Atom(sbt.ScriptedPlugin),Set(Atom(sbt.plugins.JvmPlugin))), Clause(Atom(sbt.plugins.SbtPlugin),Set(Atom(sbt.ScriptedPlugin))), Clause(Atom(sbt.plugins.SemanticdbPlugin),Set(Atom(sbt.plugins.JvmPlugin))), Clause(Atom(sbt.plugins.JUnitXmlReportPlugin),Set(Atom(sbt.plugins.JvmPlugin))), Clause(Atom(sbt.plugins.MiniDependencyTreePlugin),Set(Atom(sbt.plugins.JvmPlugin))), Clause(Atom(sbt.plugins.CorePlugin),Set(Atom(sbt.plugins.IvyPlugin))), Clause(Atom(sbt.plugins.IvyPlugin),Set(Atom(sbt.plugins.JvmPlugin))), Clause(Atom(sbt.plugins.JvmPlugin),Set(Atom(sbt.plugins.SemanticdbPlugin))), Clause(Atom(sbt.plugins.JvmPlugin),Set(Atom(sbt.plugins.JUnitXmlReportPlugin))), Clause(Atom(sbt.plugins.CorePlugin),Set(Atom(sbt.plugins.Giter8TemplatePlugin))), Clause(Atom(sbt.plugins.JvmPlugin),Set(Atom(sbt.plugins.MiniDependencyTreePlugin)))))
[debug]   :: deduced result: Matched(sbt.plugins.CorePlugin,sbt.plugins.Giter8TemplatePlugin,sbt.plugins.IvyPlugin,sbt.plugins.JvmPlugin,sbt.plugins.MiniDependencyTreePlugin,sbt.plugins.JUnitXmlReportPlugin,sbt.plugins.SemanticdbPlugin)
[debug] Plugins.deducer#function took 1.347901 ms
[info] loading settings for project project0-build from idea11.sbt ...
[debug]               Load.resolveProject(project0-build) took 4.7545ms
[debug]             Load.loadTransitive: finalizeProject(Project(id project0-build, base: C:\Users\Zach Minnich\IdeaProjects\Project0\project, plugins: List(<none>))) took 6.463ms
[debug] [Loading] Done in C:\Users\Zach Minnich\IdeaProjects\Project0\project, returning: (project0-build)
[debug]           Load.loadUnit: loadedProjectsRaw took 108.8536ms
[debug]           Load.loadUnit: cleanEvalClasses took 3.2851ms
[debug]         Load.loadUnit(file:/C:/Users/Zach%20Minnich/IdeaProjects/Project0/project/, ...) took 136.913899ms
[debug]       Load.apply: load took 138.0311ms
[debug]       Load.apply: resolveProjects took 0.094ms
[debug]       Load.apply: finalTransforms took 6.1305ms
[debug]       Load.apply: config.delegates took 0.508499ms
[debug]       Load.apply: Def.make(settings)... took 58.516299ms
[debug]       Load.apply: structureIndex took 19.6985ms
[debug]       Load.apply: mkStreams took 0.0032ms
[info] loading project definition from C:\Users\Zach Minnich\IdeaProjects\Project0\project
[debug] Running task... Cancel: Signal, check cycles: false, forcegc: true
[debug]     Load.loadUnit: plugins took 438.899901ms
[debug]     Load.loadUnit: defsScala took 0.002099ms
[debug] [Loading] Scanning directory C:\Users\Zach Minnich\IdeaProjects\Project0
[debug]       Load.loadUnit: mkEval took 0.2458ms
[debug] [Loading] Found non-root projects 
[debug] [Loading] Done in C:\Users\Zach Minnich\IdeaProjects\Project0, returning: ()
[debug] deducing auto plugins based on known facts Set(Atom(sbt.plugins.CorePlugin)) and clauses Clauses(List(Clause(Atom(sbt.plugins.JvmPlugin),Set(Atom(sbt.plugins.IvyPlugin))), Clause(Atom(sbt.ScriptedPlugin),Set(Atom(sbt.plugins.JvmPlugin))), Clause(Atom(sbt.plugins.SbtPlugin),Set(Atom(sbt.ScriptedPlugin))), Clause(Atom(sbt.plugins.SemanticdbPlugin),Set(Atom(sbt.plugins.JvmPlugin))), Clause(Atom(sbt.plugins.JUnitXmlReportPlugin),Set(Atom(sbt.plugins.JvmPlugin))), Clause(Atom(sbt.plugins.MiniDependencyTreePlugin),Set(Atom(sbt.plugins.JvmPlugin))), Clause(Atom(org.jetbrains.sbt.StructurePlugin),Set(Atom(sbt.plugins.JvmPlugin))), Clause(Atom(org.jetbrains.sbt.IdeaShellPlugin),Set(Atom(sbt.plugins.JvmPlugin))), Clause(Atom(org.jetbrains.sbt.indices.SbtIntellijIndicesPlugin),Set(Atom(sbt.plugins.JvmPlugin))), Clause(Atom(sbt.plugins.CorePlugin),Set(Atom(sbt.plugins.IvyPlugin))), Clause(Atom(sbt.plugins.IvyPlugin),Set(Atom(sbt.plugins.JvmPlugin))), Clause(Atom(sbt.plugins.JvmPlugin),Set(Atom(sbt.plugins.SemanticdbPlugin))), Clause(Atom(sbt.plugins.JvmPlugin),Set(Atom(sbt.plugins.JUnitXmlReportPlugin))), Clause(Atom(sbt.plugins.CorePlugin),Set(Atom(sbt.plugins.Giter8TemplatePlugin))), Clause(Atom(sbt.plugins.JvmPlugin),Set(Atom(sbt.plugins.MiniDependencyTreePlugin))), Clause(Atom(sbt.plugins.JvmPlugin),Set(Atom(org.jetbrains.sbt.StructurePlugin))), Clause(Atom(sbt.plugins.JvmPlugin),Set(Atom(org.jetbrains.sbt.IdeaShellPlugin))), Clause(And(Set(Atom(sbt.plugins.CorePlugin), Atom(sbt.plugins.JvmPlugin))),Set(Atom(org.jetbrains.sbt.indices.SbtIntellijIndicesPlugin)))))
[debug]   :: deduced result: Matched(sbt.plugins.CorePlugin,sbt.plugins.Giter8TemplatePlugin,sbt.plugins.IvyPlugin,sbt.plugins.JvmPlugin,sbt.plugins.SemanticdbPlugin,org.jetbrains.sbt.indices.SbtIntellijIndicesPlugin,sbt.plugins.JUnitXmlReportPlugin,org.jetbrains.sbt.IdeaShellPlugin,org.jetbrains.sbt.StructurePlugin,sbt.plugins.MiniDependencyTreePlugin)
[debug] Plugins.deducer#function took 1.694399 ms
[info] loading settings for project project0 from build.sbt ...
[debug]         Load.resolveProject(project0) took 26.0186ms
[debug]       Load.loadTransitive: finalizeProject(Project(id project0, base: C:\Users\Zach Minnich\IdeaProjects\Project0, plugins: List(<none>))) took 28.6687ms
[debug] [Loading] Done in C:\Users\Zach Minnich\IdeaProjects\Project0, returning: (project0)
[debug]     Load.loadUnit: loadedProjectsRaw took 58.404099ms
[debug]     Load.loadUnit: cleanEvalClasses took 3.2886ms
[debug]   Load.loadUnit(file:/C:/Users/Zach%20Minnich/IdeaProjects/Project0/, ...) took 501.1006ms
[debug] Load.apply: load took 502.502601ms
[debug] Load.apply: resolveProjects took 0.1428ms
[debug] Load.apply: finalTransforms took 20.6967ms
[debug] Load.apply: config.delegates took 0.255001ms
[debug] Load.apply: Def.make(settings)... took 57.156299ms
[debug] Load.apply: structureIndex took 16.812101ms
[debug] Load.apply: mkStreams took 0.002ms
[info] set current project to Project0 (in build file:/C:/Users/Zach%20Minnich/IdeaProjects/Project0/)
[debug] > Exec(sbtPopOnFailure, None, None)
[debug] > Exec(resumeFromFailure, None, None)
[debug] > Exec(notifyUsersAboutShell, None, None)
[debug] > Exec(iflast shell, None, None)
[debug] > Exec(; set ideaPort in Global := 63213 ; idea-shell, None, None)
[debug] > Exec(set ideaPort in Global := 63213, None, None)
[info] Defining Global / ideaPort
[info] The new value will be used by Compile / compile, Test / compile
[debug] Defining 
[debug] 	Global / ideaPort
[debug] 
[debug] The new value will be used by 
[debug] 	Compile / compile
[debug] 	Test / compile
[info] Reapplying settings...
[info] set current project to Project0 (in build file:/C:/Users/Zach%20Minnich/IdeaProjects/Project0/)
[debug] > Exec(idea-shell, None, None)
