[debug] > Exec(early(addDefaultCommands), None, None)
[debug] > Exec(addDefaultCommands, None, None)
[debug] > Exec(early(initialize), None, None)
[debug] > Exec(initialize, None, None)
[debug] > Exec(early(addPluginSbtFile="""C:\Users\ZACHMI~1\AppData\Local\Temp\idea9.sbt"""), None, None)
[debug] > Exec(addPluginSbtFile="""C:\Users\ZACHMI~1\AppData\Local\Temp\idea9.sbt""", None, None)
[debug] > Exec(boot, None, None)
[debug] > Exec(writeSbtVersion, None, None)
[debug] > Exec(reload, None, None)
[debug] > Exec(sbtStashOnFailure, None, None)
[debug] > Exec(onFailure loadFailed, None, None)
[debug] > Exec(loadp, None, None)
[info] welcome to sbt 1.4.0 (AdoptOpenJDK Java 1.8.0_265)
[debug]       Load.loadUnit: plugins took 85.1966ms
[debug]       Load.loadUnit: defsScala took 0.3711ms
[debug] [Loading] Scanning directory C:\Users\Zach Minnich\.sbt\1.0\plugins
[debug] [Loading] Found non-root projects 
[debug] [Loading] Done in C:\Users\Zach Minnich\.sbt\1.0\plugins, returning: ()
[debug] deducing auto plugins based on known facts Set(Atom(sbt.plugins.CorePlugin)) and clauses Clauses(List(Clause(Atom(sbt.plugins.JvmPlugin),Set(Atom(sbt.plugins.IvyPlugin))), Clause(Atom(sbt.ScriptedPlugin),Set(Atom(sbt.plugins.JvmPlugin))), Clause(Atom(sbt.plugins.SbtPlugin),Set(Atom(sbt.ScriptedPlugin))), Clause(Atom(sbt.plugins.SemanticdbPlugin),Set(Atom(sbt.plugins.JvmPlugin))), Clause(Atom(sbt.plugins.JUnitXmlReportPlugin),Set(Atom(sbt.plugins.JvmPlugin))), Clause(Atom(sbt.plugins.MiniDependencyTreePlugin),Set(Atom(sbt.plugins.JvmPlugin))), Clause(Atom(sbt.plugins.CorePlugin),Set(Atom(sbt.plugins.IvyPlugin))), Clause(Atom(sbt.plugins.IvyPlugin),Set(Atom(sbt.plugins.JvmPlugin))), Clause(Atom(sbt.plugins.JvmPlugin),Set(Atom(sbt.plugins.SemanticdbPlugin))), Clause(Atom(sbt.plugins.JvmPlugin),Set(Atom(sbt.plugins.JUnitXmlReportPlugin))), Clause(Atom(sbt.plugins.CorePlugin),Set(Atom(sbt.plugins.Giter8TemplatePlugin))), Clause(Atom(sbt.plugins.JvmPlugin),Set(Atom(sbt.plugins.MiniDependencyTreePlugin)))))
[debug]   :: deduced result: Matched(sbt.plugins.CorePlugin,sbt.plugins.Giter8TemplatePlugin,sbt.plugins.IvyPlugin,sbt.plugins.JvmPlugin,sbt.plugins.MiniDependencyTreePlugin,sbt.plugins.JUnitXmlReportPlugin,sbt.plugins.SemanticdbPlugin)
[debug] Plugins.deducer#function took 16.6241 ms
[debug]           Load.resolveProject(global-plugins) took 38.670699ms
[debug]         Load.loadTransitive: finalizeProject(Project(id global-plugins, base: C:\Users\Zach Minnich\.sbt\1.0\plugins, plugins: List(<none>))) took 76.626099ms
[debug] [Loading] Done in C:\Users\Zach Minnich\.sbt\1.0\plugins, returning: (global-plugins)
[debug]       Load.loadUnit: loadedProjectsRaw took 166.0287ms
[debug]       Load.loadUnit: cleanEvalClasses took 0.2161ms
[debug]     Load.loadUnit(file:/C:/Users/Zach%20Minnich/.sbt/1.0/plugins/, ...) took 259.55ms
[debug]   Load.apply: load took 407.370799ms
[debug]   Load.apply: resolveProjects took 5.331401ms
[debug]   Load.apply: finalTransforms took 45.899199ms
[debug]   Load.apply: config.delegates took 7.3447ms
[debug]   Load.apply: Def.make(settings)... took 6339.2304ms
[debug]   Load.apply: structureIndex took 86.382299ms
[debug]   Load.apply: mkStreams took 1.9282ms
[info] loading global plugins from C:\Users\Zach Minnich\.sbt\1.0\plugins
[debug] Running task... Cancel: Signal, check cycles: false, forcegc: true
[debug] Load.defaultLoad until apply took 8422.3743ms
[debug]           Load.loadUnit: plugins took 24.6279ms
[debug]           Load.loadUnit: defsScala took 0.0032ms
[debug] [Loading] Scanning directory C:\Users\Zach Minnich\IdeaProjects\Project0\project
[debug]             Load.loadUnit: mkEval took 8.6193ms
[debug] [Loading] Found non-root projects 
[debug] [Loading] Done in C:\Users\Zach Minnich\IdeaProjects\Project0\project, returning: ()
[debug] deducing auto plugins based on known facts Set(Atom(sbt.plugins.CorePlugin)) and clauses Clauses(List(Clause(Atom(sbt.plugins.JvmPlugin),Set(Atom(sbt.plugins.IvyPlugin))), Clause(Atom(sbt.ScriptedPlugin),Set(Atom(sbt.plugins.JvmPlugin))), Clause(Atom(sbt.plugins.SbtPlugin),Set(Atom(sbt.ScriptedPlugin))), Clause(Atom(sbt.plugins.SemanticdbPlugin),Set(Atom(sbt.plugins.JvmPlugin))), Clause(Atom(sbt.plugins.JUnitXmlReportPlugin),Set(Atom(sbt.plugins.JvmPlugin))), Clause(Atom(sbt.plugins.MiniDependencyTreePlugin),Set(Atom(sbt.plugins.JvmPlugin))), Clause(Atom(sbt.plugins.CorePlugin),Set(Atom(sbt.plugins.IvyPlugin))), Clause(Atom(sbt.plugins.IvyPlugin),Set(Atom(sbt.plugins.JvmPlugin))), Clause(Atom(sbt.plugins.JvmPlugin),Set(Atom(sbt.plugins.SemanticdbPlugin))), Clause(Atom(sbt.plugins.JvmPlugin),Set(Atom(sbt.plugins.JUnitXmlReportPlugin))), Clause(Atom(sbt.plugins.CorePlugin),Set(Atom(sbt.plugins.Giter8TemplatePlugin))), Clause(Atom(sbt.plugins.JvmPlugin),Set(Atom(sbt.plugins.MiniDependencyTreePlugin)))))
[debug]   :: deduced result: Matched(sbt.plugins.CorePlugin,sbt.plugins.Giter8TemplatePlugin,sbt.plugins.IvyPlugin,sbt.plugins.JvmPlugin,sbt.plugins.MiniDependencyTreePlugin,sbt.plugins.JUnitXmlReportPlugin,sbt.plugins.SemanticdbPlugin)
[debug] Plugins.deducer#function took 1.446499 ms
[info] loading settings for project project0-build from idea9.sbt ...
[debug]               Load.resolveProject(project0-build) took 5.626301ms
[debug]             Load.loadTransitive: finalizeProject(Project(id project0-build, base: C:\Users\Zach Minnich\IdeaProjects\Project0\project, plugins: List(<none>))) took 7.4942ms
[debug] [Loading] Done in C:\Users\Zach Minnich\IdeaProjects\Project0\project, returning: (project0-build)
[debug]           Load.loadUnit: loadedProjectsRaw took 129.945101ms
[debug]           Load.loadUnit: cleanEvalClasses took 3.963001ms
[debug]         Load.loadUnit(file:/C:/Users/Zach%20Minnich/IdeaProjects/Project0/project/, ...) took 159.3744ms
[debug]       Load.apply: load took 160.4756ms
[debug]       Load.apply: resolveProjects took 0.0973ms
[debug]       Load.apply: finalTransforms took 7.1964ms
[debug]       Load.apply: config.delegates took 0.336ms
[debug]       Load.apply: Def.make(settings)... took 67.0628ms
[debug]       Load.apply: structureIndex took 17.524699ms
[debug]       Load.apply: mkStreams took 0.0032ms
[info] loading project definition from C:\Users\Zach Minnich\IdeaProjects\Project0\project
[debug] Running task... Cancel: Signal, check cycles: false, forcegc: true
[debug]     Load.loadUnit: plugins took 485.6076ms
[debug]     Load.loadUnit: defsScala took 0.003201ms
[debug] [Loading] Scanning directory C:\Users\Zach Minnich\IdeaProjects\Project0
[debug]       Load.loadUnit: mkEval took 0.198601ms
[debug] [Loading] Found non-root projects 
[debug] [Loading] Done in C:\Users\Zach Minnich\IdeaProjects\Project0, returning: ()
[debug] deducing auto plugins based on known facts Set(Atom(sbt.plugins.CorePlugin)) and clauses Clauses(List(Clause(Atom(sbt.plugins.JvmPlugin),Set(Atom(sbt.plugins.IvyPlugin))), Clause(Atom(sbt.ScriptedPlugin),Set(Atom(sbt.plugins.JvmPlugin))), Clause(Atom(sbt.plugins.SbtPlugin),Set(Atom(sbt.ScriptedPlugin))), Clause(Atom(sbt.plugins.SemanticdbPlugin),Set(Atom(sbt.plugins.JvmPlugin))), Clause(Atom(sbt.plugins.JUnitXmlReportPlugin),Set(Atom(sbt.plugins.JvmPlugin))), Clause(Atom(sbt.plugins.MiniDependencyTreePlugin),Set(Atom(sbt.plugins.JvmPlugin))), Clause(Atom(org.jetbrains.sbt.StructurePlugin),Set(Atom(sbt.plugins.JvmPlugin))), Clause(Atom(org.jetbrains.sbt.IdeaShellPlugin),Set(Atom(sbt.plugins.JvmPlugin))), Clause(Atom(org.jetbrains.sbt.indices.SbtIntellijIndicesPlugin),Set(Atom(sbt.plugins.JvmPlugin))), Clause(Atom(sbt.plugins.CorePlugin),Set(Atom(sbt.plugins.IvyPlugin))), Clause(Atom(sbt.plugins.IvyPlugin),Set(Atom(sbt.plugins.JvmPlugin))), Clause(Atom(sbt.plugins.JvmPlugin),Set(Atom(sbt.plugins.SemanticdbPlugin))), Clause(Atom(sbt.plugins.JvmPlugin),Set(Atom(sbt.plugins.JUnitXmlReportPlugin))), Clause(Atom(sbt.plugins.CorePlugin),Set(Atom(sbt.plugins.Giter8TemplatePlugin))), Clause(Atom(sbt.plugins.JvmPlugin),Set(Atom(sbt.plugins.MiniDependencyTreePlugin))), Clause(Atom(sbt.plugins.JvmPlugin),Set(Atom(org.jetbrains.sbt.StructurePlugin))), Clause(Atom(sbt.plugins.JvmPlugin),Set(Atom(org.jetbrains.sbt.IdeaShellPlugin))), Clause(And(Set(Atom(sbt.plugins.CorePlugin), Atom(sbt.plugins.JvmPlugin))),Set(Atom(org.jetbrains.sbt.indices.SbtIntellijIndicesPlugin)))))
[debug]   :: deduced result: Matched(sbt.plugins.CorePlugin,sbt.plugins.Giter8TemplatePlugin,sbt.plugins.IvyPlugin,sbt.plugins.JvmPlugin,sbt.plugins.SemanticdbPlugin,org.jetbrains.sbt.indices.SbtIntellijIndicesPlugin,sbt.plugins.JUnitXmlReportPlugin,org.jetbrains.sbt.IdeaShellPlugin,org.jetbrains.sbt.StructurePlugin,sbt.plugins.MiniDependencyTreePlugin)
[debug] Plugins.deducer#function took 5.7154 ms
[info] loading settings for project project0 from build.sbt ...
[debug]         Load.resolveProject(project0) took 56.3824ms
[debug]       Load.loadTransitive: finalizeProject(Project(id project0, base: C:\Users\Zach Minnich\IdeaProjects\Project0, plugins: List(<none>))) took 64.832399ms
[debug] [Loading] Done in C:\Users\Zach Minnich\IdeaProjects\Project0, returning: (project0)
[debug]     Load.loadUnit: loadedProjectsRaw took 115.804401ms
[debug]     Load.loadUnit: cleanEvalClasses took 2.895ms
[debug]   Load.loadUnit(file:/C:/Users/Zach%20Minnich/IdeaProjects/Project0/, ...) took 604.868301ms
[debug] Load.apply: load took 606.014ms
[debug] Load.apply: resolveProjects took 0.082999ms
[debug] Load.apply: finalTransforms took 20.9044ms
[debug] Load.apply: config.delegates took 0.3622ms
[debug] Load.apply: Def.make(settings)... took 50.8832ms
[debug] Load.apply: structureIndex took 17.501001ms
[debug] Load.apply: mkStreams took 0.0022ms
[info] set current project to Project0 (in build file:/C:/Users/Zach%20Minnich/IdeaProjects/Project0/)
[debug] > Exec(sbtPopOnFailure, None, None)
[debug] > Exec(resumeFromFailure, None, None)
[debug] > Exec(notifyUsersAboutShell, None, None)
[debug] > Exec(iflast shell, None, None)
[debug] > Exec(; set ideaPort in Global := 63213 ; idea-shell, None, None)
[debug] > Exec(set ideaPort in Global := 63213, None, None)
[info] Defining Global / ideaPort
[info] The new value will be used by Compile / compile, Test / compile
[debug] Defining 
[debug] 	Global / ideaPort
[debug] 
[debug] The new value will be used by 
[debug] 	Compile / compile
[debug] 	Test / compile
[info] Reapplying settings...
[info] set current project to Project0 (in build file:/C:/Users/Zach%20Minnich/IdeaProjects/Project0/)
[debug] > Exec(idea-shell, None, None)
